Arguments: 
  C:\Program Files\nodejs\node.exe C:\Users\trung\AppData\Roaming\npm\node_modules\yarn\bin\yarn.js add moment

PATH: 
  C:\Windows\system32;C:\Windows;C:\Windows\System32\Wbem;C:\Windows\System32\WindowsPowerShell\v1.0\;C:\Windows\System32\OpenSSH\;C:\Program Files\nodejs\;C:\Program Files\Git\cmd;C:\Users\trung\AppData\Local\Microsoft\WindowsApps;C:\Users\trung\AppData\Roaming\npm;C:\Users\trung\AppData\Local\Programs\Microsoft VS Code\bin

Yarn version: 
  1.22.19

Node version: 
  18.14.2

Platform: 
  win32 x64

Trace: 
  Error: EPERM: operation not permitted, unlink 'D:\React\huyentrangbeautycenterAPI\node_modules\bcrypt\lib\binding\napi-v3\bcrypt_lib.node'

npm manifest: 
  {
    "name": "huyentrangtranapi",
    "version": "1.0.0",
    "description": "",
    "type": "module",
    "main": "index.js",
    "scripts": {
      "start": "nodemon index.js",
      "debug": "node index.js"
    },
    "keywords": [],
    "author": "",
    "license": "ISC",
    "dependencies": {
      "bcrypt": "^5.0.1",
      "body-parser": "^1.20.0",
      "connect-mongo": "^4.6.0",
      "cors": "^2.8.5",
      "dotenv": "^16.0.1",
      "express": "^4.18.1",
      "express-validator": "^5.3.0",
      "jsonwebtoken": "^8.5.1",
      "mongoose": "^6.4.6",
      "mongoose-paginate-v2": "^1.7.1",
      "morgan": "^1.10.0",
      "nodemon": "^2.0.19"
    }
  }

yarn manifest: 
  No manifest

Lockfile: 
  No lockfile
